<?xml version="1.0" encoding="UTF-8"?>
<robot generator="Robot 5.0.1 (Python 3.10.2 on win32)" generated="20220805 15:25:32.027" rpa="false" schemaversion="3">
<suite id="s1" name="Suites">
<suite id="s1-s1" name="Verify Invalidcredential Suite" source="D:\Mine\Company\Ericsson3\orange_hrm_framework\login_suite\verify_invalidcredential_suite.robot">
<test id="s1-s1-t1" name="TC1" line="13">
<kw name="Launch Browser" library="CommonFunctionalities" type="SETUP">
<kw name="Get Driver Path" library="DriverSetup">
<var>${exec_path}</var>
<arg>browser_name=${BROWSER_NAME}</arg>
<msg timestamp="20220805 15:25:32.876" level="INFO">
</msg>
<msg timestamp="20220805 15:25:32.876" level="INFO">====== WebDriver manager ======</msg>
<msg timestamp="20220805 15:25:35.119" level="INFO">Current google-chrome version is 104.0.5112</msg>
<msg timestamp="20220805 15:25:35.119" level="INFO">Get LATEST chromedriver version for 104.0.5112 google-chrome</msg>
<msg timestamp="20220805 15:25:35.453" level="INFO">There is no [win32] chromedriver for browser 104.0.5112 in cache</msg>
<msg timestamp="20220805 15:25:35.453" level="INFO">Trying to download new driver from https://chromedriver.storage.googleapis.com/104.0.5112.79/chromedriver_win32.zip</msg>
<msg timestamp="20220805 15:25:36.434" level="INFO">Driver has been saved in cache [C:\Users\Balaji\.wdm\drivers\chromedriver\win32\104.0.5112.79]</msg>
<msg timestamp="20220805 15:25:36.435" level="INFO">====== WebDriver manager ======
Current google-chrome version is 104.0.5112
Get LATEST chromedriver version for 104.0.5112 google-chrome
There is no [win32] chromedriver for browser 104.0.5112 in cache
Trying to download new driver from https://chromedriver.storage.googleapis.com/104.0.5112.79/chromedriver_win32.zip
Driver has been saved in cache [C:\Users\Balaji\.wdm\drivers\chromedriver\win32\104.0.5112.79]</msg>
<msg timestamp="20220805 15:25:36.436" level="INFO">${exec_path} = C:\Users\Balaji\.wdm\drivers\chromedriver\win32\104.0.5112.79\chromedriver.exe</msg>
<status status="PASS" starttime="20220805 15:25:32.875" endtime="20220805 15:25:36.436"/>
</kw>
<kw name="Open Browser" library="SeleniumLibrary">
<arg>browser=${BROWSER_NAME}</arg>
<arg>executable_path=${exec_path}</arg>
<doc>Opens a new browser instance to the optional ``url``.</doc>
<msg timestamp="20220805 15:25:36.437" level="INFO">Opening browser 'chrome' to base url 'None'.</msg>
<msg timestamp="20220805 15:25:36.438" level="INFO">Cannot capture screenshot because no browser is open.</msg>
<msg timestamp="20220805 15:25:36.439" level="FAIL">WebDriverException: Message: 'chromedriver.exe' executable may have wrong permissions. Please see https://chromedriver.chromium.org/home
</msg>
<status status="FAIL" starttime="20220805 15:25:36.436" endtime="20220805 15:25:36.654"/>
</kw>
<kw name="Maximize Browser Window" library="SeleniumLibrary">
<doc>Maximizes current browser window.</doc>
<status status="NOT RUN" starttime="20220805 15:25:36.655" endtime="20220805 15:25:36.656"/>
</kw>
<kw name="Set Selenium Implicit Wait" library="SeleniumLibrary">
<arg>30s</arg>
<doc>Sets the implicit wait value used by Selenium.</doc>
<status status="NOT RUN" starttime="20220805 15:25:36.656" endtime="20220805 15:25:36.656"/>
</kw>
<kw name="Set Screenshot Directory" library="SeleniumLibrary">
<arg>path=${EXECDIR}${/}screenshot</arg>
<doc>Sets the directory for captured screenshots.</doc>
<status status="NOT RUN" starttime="20220805 15:25:36.657" endtime="20220805 15:25:36.657"/>
</kw>
<kw name="Go To" library="SeleniumLibrary">
<arg>url=${URL}</arg>
<doc>Navigates the current browser window to the provided ``url``.</doc>
<status status="NOT RUN" starttime="20220805 15:25:36.657" endtime="20220805 15:25:36.658"/>
</kw>
<status status="FAIL" starttime="20220805 15:25:32.874" endtime="20220805 15:25:36.660"/>
</kw>
<kw name="Close Browser" library="SeleniumLibrary" type="TEARDOWN">
<doc>Closes the current browser.</doc>
<status status="PASS" starttime="20220805 15:25:36.661" endtime="20220805 15:25:36.661"/>
</kw>
<status status="FAIL" starttime="20220805 15:25:32.873" endtime="20220805 15:25:36.662">Setup failed:
WebDriverException: Message: 'chromedriver.exe' executable may have wrong permissions. Please see https://chromedriver.chromium.org/home
</status>
</test>
<test id="s1-s1-t2" name="TC2" line="14">
<kw name="Launch Browser" library="CommonFunctionalities" type="SETUP">
<kw name="Get Driver Path" library="DriverSetup">
<var>${exec_path}</var>
<arg>browser_name=${BROWSER_NAME}</arg>
<msg timestamp="20220805 15:25:36.667" level="INFO">
</msg>
<msg timestamp="20220805 15:25:36.667" level="INFO">====== WebDriver manager ======</msg>
<msg timestamp="20220805 15:25:37.239" level="INFO">Current google-chrome version is 104.0.5112</msg>
<msg timestamp="20220805 15:25:37.239" level="INFO">Get LATEST chromedriver version for 104.0.5112 google-chrome</msg>
<msg timestamp="20220805 15:25:37.346" level="INFO">Driver [C:\Users\Balaji\.wdm\drivers\chromedriver\win32\104.0.5112.79\chromedriver.exe] found in cache</msg>
<msg timestamp="20220805 15:25:37.347" level="INFO">${exec_path} = C:\Users\Balaji\.wdm\drivers\chromedriver\win32\104.0.5112.79\chromedriver.exe</msg>
<status status="PASS" starttime="20220805 15:25:36.666" endtime="20220805 15:25:37.347"/>
</kw>
<kw name="Open Browser" library="SeleniumLibrary">
<arg>browser=${BROWSER_NAME}</arg>
<arg>executable_path=${exec_path}</arg>
<doc>Opens a new browser instance to the optional ``url``.</doc>
<msg timestamp="20220805 15:25:37.348" level="INFO">Opening browser 'chrome' to base url 'None'.</msg>
<status status="PASS" starttime="20220805 15:25:37.347" endtime="20220805 15:25:40.170"/>
</kw>
<kw name="Maximize Browser Window" library="SeleniumLibrary">
<doc>Maximizes current browser window.</doc>
<status status="PASS" starttime="20220805 15:25:40.170" endtime="20220805 15:25:40.338"/>
</kw>
<kw name="Set Selenium Implicit Wait" library="SeleniumLibrary">
<arg>30s</arg>
<doc>Sets the implicit wait value used by Selenium.</doc>
<status status="PASS" starttime="20220805 15:25:40.339" endtime="20220805 15:25:40.342"/>
</kw>
<kw name="Set Screenshot Directory" library="SeleniumLibrary">
<arg>path=${EXECDIR}${/}screenshot</arg>
<doc>Sets the directory for captured screenshots.</doc>
<status status="PASS" starttime="20220805 15:25:40.342" endtime="20220805 15:25:40.344"/>
</kw>
<kw name="Go To" library="SeleniumLibrary">
<arg>url=${URL}</arg>
<doc>Navigates the current browser window to the provided ``url``.</doc>
<msg timestamp="20220805 15:25:40.345" level="INFO">Opening url 'https://opensource-demo.orangehrmlive.com/'</msg>
<status status="PASS" starttime="20220805 15:25:40.344" endtime="20220805 15:25:45.758"/>
</kw>
<status status="PASS" starttime="20220805 15:25:36.665" endtime="20220805 15:25:45.759"/>
</kw>
<kw name="Verify Invalid Credential Template">
<arg>Peter</arg>
<arg>Peter123</arg>
<arg>Invalid credentials</arg>
<kw name="Log" library="BuiltIn">
<arg>Code in ${BROWSER_NAME}</arg>
<doc>Logs the given message with the given level.</doc>
<msg timestamp="20220805 15:25:45.765" level="INFO">Code in chrome</msg>
<status status="PASS" starttime="20220805 15:25:45.762" endtime="20220805 15:25:45.765"/>
</kw>
<kw name="Enter Username" library="LoginPage">
<arg>${username}</arg>
<doc>Types the given text into the username field 
Examples 
| Enter Username | john |
| Enter Username | peter |</doc>
<kw name="Input Text" library="SeleniumLibrary">
<arg>${USERNAME_LOCATOR}</arg>
<arg>${username}</arg>
<doc>Types the given ``text`` into the text field identified by ``locator``.</doc>
<msg timestamp="20220805 15:25:45.773" level="INFO">Typing text 'Peter' into text field 'id=txtUsername'.</msg>
<status status="PASS" starttime="20220805 15:25:45.770" endtime="20220805 15:25:45.941"/>
</kw>
<status status="PASS" starttime="20220805 15:25:45.765" endtime="20220805 15:25:45.942"/>
</kw>
<kw name="Enter Password" library="LoginPage">
<arg>${password}</arg>
<doc>Types the given text into the password field 
Examples 
| Enter Password | john123 |
| Enter Password | peter12 |</doc>
<kw name="Input Password" library="SeleniumLibrary">
<arg>${PASSWORD_LOCATOR}</arg>
<arg>${password}</arg>
<doc>Types the given password into the text field identified by ``locator``.</doc>
<msg timestamp="20220805 15:25:45.945" level="INFO">Typing password into text field 'css=#txtPassword'.</msg>
<msg timestamp="20220805 15:25:45.998" level="INFO">Temporally setting log level to: NONE</msg>
<msg timestamp="20220805 15:25:46.078" level="INFO">Log level changed from NONE to INFO.</msg>
<status status="PASS" starttime="20220805 15:25:45.944" endtime="20220805 15:25:46.078"/>
</kw>
<status status="PASS" starttime="20220805 15:25:45.942" endtime="20220805 15:25:46.079"/>
</kw>
<kw name="Click Login" library="LoginPage">
<doc>Click on login
Examples
| Click Login |</doc>
<kw name="Click Element" library="SeleniumLibrary">
<arg>${LOGIN_LOCATOR}</arg>
<doc>Click the element identified by ``locator``.</doc>
<msg timestamp="20220805 15:25:46.081" level="INFO">Clicking element 'xpath=//input[@name='Submit']'.</msg>
<status status="PASS" starttime="20220805 15:25:46.080" endtime="20220805 15:25:48.183"/>
</kw>
<status status="PASS" starttime="20220805 15:25:46.079" endtime="20220805 15:25:48.183"/>
</kw>
<kw name="Validate Error Message" library="LoginPage">
<arg>${expected_error}</arg>
<doc>Validate the error message shown on the login field
Examples
| Validate Error Message | Invalid Credentials |
| Validate Error Message | Username cannot be empty |</doc>
<kw name="Element Text Should Be" library="SeleniumLibrary">
<arg>${ERROR_LOCATOR}</arg>
<arg>${expected_error}</arg>
<doc>Verifies that element ``locator`` contains exact the text ``expected``.</doc>
<msg timestamp="20220805 15:25:48.187" level="INFO">Verifying element 'id=spanMessage' contains exact text 'Invalid credentials'.</msg>
<status status="PASS" starttime="20220805 15:25:48.185" endtime="20220805 15:25:48.226"/>
</kw>
<status status="PASS" starttime="20220805 15:25:48.184" endtime="20220805 15:25:48.226"/>
</kw>
<status status="PASS" starttime="20220805 15:25:45.760" endtime="20220805 15:25:48.226"/>
</kw>
<kw name="Close Browser" library="SeleniumLibrary" type="TEARDOWN">
<doc>Closes the current browser.</doc>
<status status="PASS" starttime="20220805 15:25:48.227" endtime="20220805 15:25:50.608"/>
</kw>
<status status="PASS" starttime="20220805 15:25:36.663" endtime="20220805 15:25:50.609"/>
</test>
<test id="s1-s1-t3" name="TC3" line="15">
<kw name="Launch Browser" library="CommonFunctionalities" type="SETUP">
<kw name="Get Driver Path" library="DriverSetup">
<var>${exec_path}</var>
<arg>browser_name=${BROWSER_NAME}</arg>
<msg timestamp="20220805 15:25:50.613" level="INFO">
</msg>
<msg timestamp="20220805 15:25:50.613" level="INFO">====== WebDriver manager ======</msg>
<msg timestamp="20220805 15:25:51.497" level="INFO">Current google-chrome version is 104.0.5112</msg>
<msg timestamp="20220805 15:25:51.498" level="INFO">Get LATEST chromedriver version for 104.0.5112 google-chrome</msg>
<msg timestamp="20220805 15:25:51.691" level="INFO">Driver [C:\Users\Balaji\.wdm\drivers\chromedriver\win32\104.0.5112.79\chromedriver.exe] found in cache</msg>
<msg timestamp="20220805 15:25:51.691" level="INFO">${exec_path} = C:\Users\Balaji\.wdm\drivers\chromedriver\win32\104.0.5112.79\chromedriver.exe</msg>
<status status="PASS" starttime="20220805 15:25:50.612" endtime="20220805 15:25:51.691"/>
</kw>
<kw name="Open Browser" library="SeleniumLibrary">
<arg>browser=${BROWSER_NAME}</arg>
<arg>executable_path=${exec_path}</arg>
<doc>Opens a new browser instance to the optional ``url``.</doc>
<msg timestamp="20220805 15:25:51.693" level="INFO">Opening browser 'chrome' to base url 'None'.</msg>
<status status="PASS" starttime="20220805 15:25:51.692" endtime="20220805 15:25:53.486"/>
</kw>
<kw name="Maximize Browser Window" library="SeleniumLibrary">
<doc>Maximizes current browser window.</doc>
<status status="PASS" starttime="20220805 15:25:53.486" endtime="20220805 15:25:53.714"/>
</kw>
<kw name="Set Selenium Implicit Wait" library="SeleniumLibrary">
<arg>30s</arg>
<doc>Sets the implicit wait value used by Selenium.</doc>
<status status="PASS" starttime="20220805 15:25:53.715" endtime="20220805 15:25:53.718"/>
</kw>
<kw name="Set Screenshot Directory" library="SeleniumLibrary">
<arg>path=${EXECDIR}${/}screenshot</arg>
<doc>Sets the directory for captured screenshots.</doc>
<status status="PASS" starttime="20220805 15:25:53.718" endtime="20220805 15:25:53.720"/>
</kw>
<kw name="Go To" library="SeleniumLibrary">
<arg>url=${URL}</arg>
<doc>Navigates the current browser window to the provided ``url``.</doc>
<msg timestamp="20220805 15:25:53.721" level="INFO">Opening url 'https://opensource-demo.orangehrmlive.com/'</msg>
<msg timestamp="20220805 15:25:58.709" level="WARN">Keyword 'Capture Page Screenshot' could not be run on failure: Message: chrome not reachable
  (Session info: chrome=104.0.5112.80)
Stacktrace:
Backtrace:
	Ordinal0 [0x007078B3+2193587]
	Ordinal0 [0x006A0681+1771137]
	Ordinal0 [0x005B4070+802928]
	Ordinal0 [0x005A9AB2+760498]
	Ordinal0 [0x0059CEAF+708271]
	Ordinal0 [0x005A1142+725314]
	Ordinal0 [0x005A55C9+742857]
	Ordinal0 [0x005B5500+808192]
	Ordinal0 [0x0060D2C2+1168066]
	Ordinal0 [0x005FD5C6+1103302]
	Ordinal0 [0x005D77E0+948192]
	Ordinal0 [0x005D86E6+952038]
	GetHandleVerifier [0x009B0CB2+2738370]
	GetHandleVerifier [0x009A21B8+2678216]
	GetHandleVerifier [0x007917AA+512954]
	GetHandleVerifier [0x00790856+509030]
	Ordinal0 [0x006A743B+1799227]
	Ordinal0 [0x006ABB68+1817448]
	Ordinal0 [0x006ABC55+1817685]
	Ordinal0 [0x006B5230+1856048]
	BaseThreadInitThunk [0x749B6359+25]
	RtlGetAppContainerNamedObjectPath [0x77208944+228]
	RtlGetAppContainerNamedObjectPath [0x77208914+180]
</msg>
<msg timestamp="20220805 15:25:58.713" level="FAIL">WebDriverException: Message: unknown error: cannot determine loading status
from disconnected: received Inspector.detached event
  (Session info: chrome=104.0.5112.80)
Stacktrace:
Backtrace:
	Ordinal0 [0x007078B3+2193587]
	Ordinal0 [0x006A0681+1771137]
	Ordinal0 [0x005B41A8+803240]
	Ordinal0 [0x005A7E1E+753182]
	Ordinal0 [0x005A7A0F+752143]
	Ordinal0 [0x005A6FAF+749487]
	Ordinal0 [0x005A5E94+745108]
	Ordinal0 [0x005A6498+746648]
	Ordinal0 [0x005B0610+787984]
	Ordinal0 [0x005A781D+751645]
	Ordinal0 [0x005A8450+754768]
	Ordinal0 [0x005A7A2A+752170]
	Ordinal0 [0x005A6FAF+749487]
	Ordinal0 [0x005A5E94+745108]
	Ordinal0 [0x005A636D+746349]
	Ordinal0 [0x005B5974+809332]
	Ordinal0 [0x0060E18D+1171853]
	Ordinal0 [0x005FD7AC+1103788]
	Ordinal0 [0x0060DAE2+1170146]
	Ordinal0 [0x005FD5C6+1103302]
	Ordinal0 [0x005D77E0+948192]
	Ordinal0 [0x005D86E6+952038]
	GetHandleVerifier [0x009B0CB2+2738370]
	GetHandleVerifier [0x009A21B8+2678216]
	GetHandleVerifier [0x007917AA+512954]
	GetHandleVerifier [0x00790856+509030]
	Ordinal0 [0x006A743B+1799227]
	Ordinal0 [0x006ABB68+1817448]
	Ordinal0 [0x006ABC55+1817685]
	Ordinal0 [0x006B5230+1856048]
	BaseThreadInitThunk [0x749B6359+25]
	RtlGetAppContainerNamedObjectPath [0x77208944+228]
	RtlGetAppContainerNamedObjectPath [0x77208914+180]
</msg>
<status status="FAIL" starttime="20220805 15:25:53.720" endtime="20220805 15:25:58.826"/>
</kw>
<status status="FAIL" starttime="20220805 15:25:50.611" endtime="20220805 15:25:58.827"/>
</kw>
<kw name="Close Browser" library="SeleniumLibrary" type="TEARDOWN">
<doc>Closes the current browser.</doc>
<msg timestamp="20220805 15:25:59.912" level="ERROR">When closing browser, received exception: Execution terminated by signal</msg>
<msg timestamp="20220805 15:25:59.912" level="INFO">Cannot capture screenshot because no browser is open.</msg>
<status status="FAIL" starttime="20220805 15:25:58.828" endtime="20220805 15:25:59.913">Execution terminated by signal</status>
</kw>
<status status="FAIL" starttime="20220805 15:25:50.610" endtime="20220805 15:25:59.913">Setup failed:
WebDriverException: Message: unknown error: cannot determine loading status
from disconnected: received Inspector.detached event
  (Session info: chrome=104.0.5112.80)
Stacktrace:
Backtrace:
	Ordinal0 [0x007078B3+2193587]
	Ordinal0 [0x006A0681+1771137]
	Ordinal0 [0x005B41A8+803240]
	Ordinal0 [0x005A7E1E+753182]
	Ordinal0 [0x005A7A0F+752143]
	Ordinal0 [0x005A6FAF+749487]
	Ordinal0 [0x005A5E94+745108]
	Ordinal0 [0x005A6498+746648]
	Ordinal0 [0x005B0610+787984]
	Ordinal0 [0x005A781D+751645]
	Ordinal0 [0x005A8450+754768]
	Ordinal0 [0x005A7A2A+752170]
	Ordinal0 [0x005A6FAF+749487]
	Ordinal0 [0x005A5E94+745108]
	Ordinal0 [0x005A636D+746349]
	Ordinal0 [0x005B5974+809332]
	Ordinal0 [0x0060E18D+1171853]
	Ordinal0 [0x005FD7AC+1103788]
	Ordinal0 [0x0060DAE2+1170146]
	Ordinal0 [0x005FD5C6+1103302]
	Ordinal0 [0x005D77E0+948192]
	Ordinal0 [0x005D86E6+952038]
	GetHandleVerifier [0x009B0CB2+2738370]
	GetHandleVerifier [0x009A21B8+2678216]
	GetHandleVerifier [0x007917AA+512954]
	GetHandleVerifier [0x00790856+509030]
	Ordinal0 [0x006A743B+1799227]
	Ordinal0 [0x006ABB68+1817448]
	Ordinal0 [0x006ABC55+1817685]
	Ordinal0 [0x006B5230+1856048]
	BaseThreadInitThunk [0x749B6359+25]
	RtlGetAppContainerNamedObjectPath [0x77208944+228]
	RtlGetAppContainerNamedObjectPath [0x77208914+180]


Also teardown failed:
Execution terminated by signal</status>
</test>
<test id="s1-s1-t4" name="TC4" line="16">
<tag>robot:exit</tag>
<status status="FAIL" starttime="20220805 15:25:59.914" endtime="20220805 15:25:59.915">Test execution stopped due to a fatal error.</status>
</test>
<doc>This suite handles test cases related to valid credential
connected with scenario SC_OH_2 and TC_OH_03</doc>
<status status="FAIL" starttime="20220805 15:25:32.095" endtime="20220805 15:25:59.916"/>
</suite>
<status status="FAIL" starttime="20220805 15:25:32.066" endtime="20220805 15:25:59.919"/>
</suite>
<statistics>
<total>
<stat pass="1" fail="3" skip="0">All Tests</stat>
</total>
<tag>
<stat pass="1" fail="2" skip="0" info="combined" combined="NOT robot:exit">NOT robot:exit</stat>
</tag>
<suite>
<stat pass="1" fail="3" skip="0" id="s1" name="Suites">Suites</stat>
<stat pass="1" fail="3" skip="0" id="s1-s1" name="Verify Invalidcredential Suite">Suites.Verify Invalidcredential Suite</stat>
</suite>
</statistics>
<errors>
<msg timestamp="20220805 15:25:58.709" level="WARN">Keyword 'Capture Page Screenshot' could not be run on failure: Message: chrome not reachable
  (Session info: chrome=104.0.5112.80)
Stacktrace:
Backtrace:
	Ordinal0 [0x007078B3+2193587]
	Ordinal0 [0x006A0681+1771137]
	Ordinal0 [0x005B4070+802928]
	Ordinal0 [0x005A9AB2+760498]
	Ordinal0 [0x0059CEAF+708271]
	Ordinal0 [0x005A1142+725314]
	Ordinal0 [0x005A55C9+742857]
	Ordinal0 [0x005B5500+808192]
	Ordinal0 [0x0060D2C2+1168066]
	Ordinal0 [0x005FD5C6+1103302]
	Ordinal0 [0x005D77E0+948192]
	Ordinal0 [0x005D86E6+952038]
	GetHandleVerifier [0x009B0CB2+2738370]
	GetHandleVerifier [0x009A21B8+2678216]
	GetHandleVerifier [0x007917AA+512954]
	GetHandleVerifier [0x00790856+509030]
	Ordinal0 [0x006A743B+1799227]
	Ordinal0 [0x006ABB68+1817448]
	Ordinal0 [0x006ABC55+1817685]
	Ordinal0 [0x006B5230+1856048]
	BaseThreadInitThunk [0x749B6359+25]
	RtlGetAppContainerNamedObjectPath [0x77208944+228]
	RtlGetAppContainerNamedObjectPath [0x77208914+180]
</msg>
<msg timestamp="20220805 15:25:59.912" level="ERROR">When closing browser, received exception: Execution terminated by signal</msg>
</errors>
</robot>
